|j|☆Besito VGC
|j|☆Tankero008
|html|<table width="100%"><tr><td align="left">Besito VGC</td><td align="right">Tankero008</tr><tr><td align="left"><i class="fa fa-circle-o"></i> <i class="fa fa-circle-o"></i> </td><td align="right"><i class="fa fa-circle-o"></i> <i class="fa fa-circle"></i> </tr></table>
|uhtml|bestof|<h2><strong>Game 2</strong> of <a href="/game-bestof3-gen9vgc2025reggbo3-2307754225">a best-of-3</a></h2>
|t:|1740510052
|gametype|doubles
|player|p1|Besito VGC|winona|1108
|player|p2|Tankero008|swimmer-gen4dp|1108
|teamsize|p1|6
|teamsize|p2|6
|gen|9
|tier|[Gen 9] VGC 2025 Reg G (Bo3)
|rated|
|rule|Species Clause: Limit one of each Pokémon
|rule|Item Clause: Limit 1 of each item
|clearpoke
|poke|p1|Calyrex-Shadow, L50|
|poke|p1|Flutter Mane, L50|
|poke|p1|Incineroar, L50, F|
|poke|p1|Urshifu-*, L50, F|
|poke|p1|Rillaboom, L50, F|
|poke|p1|Gothitelle, L50, M|
|poke|p2|Kyogre, L50|
|poke|p2|Tsareena, L50, F|
|poke|p2|Tornadus, L50, M|
|poke|p2|Basculegion, L50, M|
|poke|p2|Shiftry, L50, F|
|poke|p2|Urshifu-*, L50, F|
|teampreview|4
|showteam|p1|Calyrex-Shadow||FocusSash|AsOneSpectrier|AstralBarrage,Psychic,Encore,Protect||||||50|,,,,,Grass]Flutter Mane||BoosterEnergy|Protosynthesis|Moonblast,IcyWind,ThunderWave,FakeTears||||||50|,,,,,Normal]Incineroar||RockyHelmet|Intimidate|KnockOff,PartingShot,FakeOut,WillOWisp|||F|||50|,,,,,Ghost]Urshifu-Rapid-Strike||MysticWater|UnseenFist|SurgingStrikes,CloseCombat,Taunt,Detect|||F|||50|,,,,,Water]Rillaboom||AssaultVest|GrassySurge|WoodHammer,GrassyGlide,Uturn,FakeOut|||F|||50|,,,,,Fire]Gothitelle||CovertCloak|ShadowTag|FakeOut,Psychic,HelpingHand,Protect|||M|||50|,,,,,Dark
|showteam|p2|Kyogre||ChoiceSpecs|Drizzle|WaterSpout,OriginPulse,IceBeam,Thunder||||||50|,,,,,Water]Tsareena||WideLens|QueenlyMajesty|TripleAxel,HelpingHand,Taunt,PowerWhip|||F|||50|,,,,,Ice]Tornadus||FocusSash|Prankster|BleakwindStorm,Tailwind,Protect,Taunt|||M|||50|,,,,,Steel]Basculegion||LifeOrb|SwiftSwim|LastRespects,WaveCrash,AquaJet,IcyWind|||M|||50|,,,,,Dark]Shiftry||AssaultVest|WindRider|FakeOut,Explosion,KnockOff,LeafBlade|||F|||50|,,,,,Normal]Urshifu||ChoiceBand|UnseenFist|WickedBlow,CloseCombat,SuckerPunch,IronHead|||F|||50|,,,,,Poison
|inactive|Battle timer is ON: inactive players will automatically lose when time's up. (requested by Besito VGC)
|c|☆Tankero008|este team está gracioso
|c|☆Tankero008|te invito a probarlo
|c|☆Besito VGC|mola el shiftry
|inactive|Besito VGC has 60 seconds left.
|inactive|Tankero008 has 60 seconds left.
|
|t:|1740510105
|start
|switch|p1a: Rillaboom|Rillaboom, L50, F|100/100
|switch|p1b: Incineroar|Incineroar, L50, F|100/100
|switch|p2a: Kyogre|Kyogre, L50|100/100
|switch|p2b: Basculegion|Basculegion, L50, M|100/100
|-weather|RainDance|[from] ability: Drizzle|[of] p2a: Kyogre
|-fieldstart|move: Grassy Terrain|[from] ability: Grassy Surge|[of] p1a: Rillaboom
|-ability|p1b: Incineroar|Intimidate|boost
|-unboost|p2a: Kyogre|atk|1
|-unboost|p2b: Basculegion|atk|1
|turn|1
|c|☆Tankero008|verdad? jajaj
|c|☆Tankero008|cada vez que hago click en explosion me entra la risa tonta
|inactive|Besito VGC has 30 seconds left.
|inactive|Tankero008 has 30 seconds left.
|inactive|Besito VGC has 20 seconds left.
|inactive|Tankero008 has 20 seconds left.
|inactive|Besito VGC has 15 seconds left.
|inactive|Tankero008 has 15 seconds left.
|inactive|Besito VGC has 10 seconds left.
|inactive|Tankero008 has 10 seconds left.
|
|t:|1740510155
|move|p1b: Incineroar|Fake Out|p2a: Kyogre
|-damage|p2a: Kyogre|90/100
|move|p2b: Basculegion|Wave Crash|p1b: Incineroar
|-supereffective|p1b: Incineroar
|-damage|p1b: Incineroar|0 fnt
|-damage|p2b: Basculegion|84/100|[from] item: Rocky Helmet|[of] p1b: Incineroar
|faint|p1b: Incineroar
|-damage|p2b: Basculegion|50/100|[from] Recoil
|-damage|p2b: Basculegion|40/100|[from] item: Life Orb
|cant|p2a: Kyogre|flinch
|move|p1a: Rillaboom|Wood Hammer|p2a: Kyogre
|-supereffective|p2a: Kyogre
|-damage|p2a: Kyogre|0 fnt
|faint|p2a: Kyogre
|-damage|p1a: Rillaboom|75/100|[from] Recoil
|
|-weather|RainDance|[upkeep]
|-heal|p2b: Basculegion|46/100|[from] Grassy Terrain
|-heal|p1a: Rillaboom|81/100|[from] Grassy Terrain
|upkeep
|
|t:|1740510173
|switch|p2a: Tornadus|Tornadus, L50, M|100/100
|switch|p1b: Flutter Mane|Flutter Mane, L50|100/100
|-enditem|p1b: Flutter Mane|Booster Energy
|-activate|p1b: Flutter Mane|ability: Protosynthesis|[fromitem]
|-start|p1b: Flutter Mane|protosynthesisspe
|turn|2
|
|t:|1740510187
|move|p1a: Rillaboom|Grassy Glide|p2b: Basculegion
|-supereffective|p2b: Basculegion
|-damage|p2b: Basculegion|0 fnt
|faint|p2b: Basculegion
|move|p1b: Flutter Mane|Icy Wind|p2a: Tornadus
|-supereffective|p2a: Tornadus
|-damage|p2a: Tornadus|58/100
|-unboost|p2a: Tornadus|spe|1
|move|p2a: Tornadus|Bleakwind Storm|p1a: Rillaboom|[spread] p1a,p1b
|-supereffective|p1a: Rillaboom
|-damage|p1a: Rillaboom|25/100
|-damage|p1b: Flutter Mane|68/100
|-unboost|p1a: Rillaboom|spe|1
|
|-weather|RainDance|[upkeep]
|-heal|p1b: Flutter Mane|73/100|[from] Grassy Terrain
|-heal|p1a: Rillaboom|31/100|[from] Grassy Terrain
|upkeep
|
|t:|1740510197
|switch|p2b: Shiftry|Shiftry, L50, F|100/100
|turn|3
|
|t:|1740510221
|-terastallize|p2b: Shiftry|Normal
|move|p2a: Tornadus|Protect|p2a: Tornadus
|-singleturn|p2a: Tornadus|Protect
|move|p1a: Rillaboom|Grassy Glide|p2b: Shiftry
|-damage|p2b: Shiftry|39/100
|move|p1b: Flutter Mane|Moonblast|p2b: Shiftry
|-damage|p2b: Shiftry|0 fnt
|faint|p2b: Shiftry
|
|-weather|RainDance|[upkeep]
|-heal|p1b: Flutter Mane|79/100|[from] Grassy Terrain
|-heal|p1a: Rillaboom|37/100|[from] Grassy Terrain
|upkeep
|turn|4
|
|t:|1740510234
|move|p1a: Rillaboom|Grassy Glide|p2a: Tornadus
|-resisted|p2a: Tornadus
|-damage|p2a: Tornadus|29/100
|move|p1b: Flutter Mane|Moonblast|p2a: Tornadus
|-damage|p2a: Tornadus|0 fnt
|faint|p2a: Tornadus
|
|win|Besito VGC
||Tankero008 is ready for game 3.
||Besito VGC is ready for game 3.
|uhtml|next|Next: <a href="/battle-gen9vgc2025reggbo3-2307758638"><strong>Game 3 of 3</strong></a>
