|j|☆28012025a
|j|☆youngtester3
|t:|1740509961
|gametype|doubles
|player|p1|28012025a|1|1213
|player|p2|youngtester3|hugh|1195
|teamsize|p1|6
|teamsize|p2|6
|gen|9
|tier|[Gen 9] VGC 2025 Reg G
|rated|
|rule|Species Clause: Limit one of each Pokémon
|rule|Item Clause: Limit 1 of each item
|clearpoke
|poke|p1|Koraidon, L50|
|poke|p1|Flutter Mane, L50|
|poke|p1|Entei, L50|
|poke|p1|Raging Bolt, L50|
|poke|p1|Ogerpon-Cornerstone, L50, F|
|poke|p1|Venusaur, L50, M|
|poke|p2|Terapagos, L50, M|
|poke|p2|Chi-Yu, L50|
|poke|p2|Whimsicott, L50, F|
|poke|p2|Terrakion, L50|
|poke|p2|Ogerpon-Wellspring, L50, F|
|poke|p2|Clodsire, L50, M|
|teampreview|4
|inactive|Battle timer is ON: inactive players will automatically lose when time's up. (requested by 28012025a)
|inactive|28012025a has 60 seconds left.
|
|t:|1740510018
|start
|switch|p1a: Entei|Entei, L50, shiny|100/100
|switch|p1b: Koraidon|Koraidon, L50|100/100
|switch|p2a: Whimsicott|Whimsicott, L50, F, shiny|100/100
|switch|p2b: Terrakion|Terrakion, L50|100/100
|-weather|SunnyDay|[from] ability: Orichalcum Pulse|[of] p1b: Koraidon
|-activate|p1b: Koraidon|Orichalcum Pulse|[source]
|turn|1
|inactive|youngtester3 has 30 seconds left.
|
|t:|1740510050
|-terastallize|p1a: Entei|Normal
|move|p2a: Whimsicott|Tailwind|p2a: Whimsicott
|-sidestart|p2: youngtester3|move: Tailwind
|move|p2b: Terrakion|Rock Slide|p1a: Entei|[spread] p1a,p1b
|-resisted|p1b: Koraidon
|-damage|p1a: Entei|72/100
|-damage|p1b: Koraidon|89/100
|move|p1b: Koraidon|Collision Course|p2b: Terrakion
|-supereffective|p2b: Terrakion
|-damage|p2b: Terrakion|0 fnt
|faint|p2b: Terrakion
|move|p1a: Entei|Sacred Fire|p2a: Whimsicott
|-supereffective|p2a: Whimsicott
|-damage|p2a: Whimsicott|0 fnt
|faint|p2a: Whimsicott
|
|-weather|SunnyDay|[upkeep]
|upkeep
|
|t:|1740510059
|switch|p2a: Terapagos|Terapagos, L50, M|100/100
|switch|p2b: Chi-Yu|Chi-Yu, L50|100/100
|-activate|p2a: Terapagos|ability: Tera Shift
|detailschange|p2a: Terapagos|Terapagos-Terastal, L50, M
|-heal|p2a: Terapagos|100/100|[silent]
|-ability|p2b: Chi-Yu|Beads of Ruin
|turn|2
|
|t:|1740510080
|-terastallize|p2a: Terapagos|Stellar
|detailschange|p2a: Terapagos|Terapagos-Stellar, L50, M, tera:Stellar
|-heal|p2a: Terapagos|100/100|[silent]
|-ability|p2a: Terapagos|Teraform Zero
|-weather|none
|move|p2b: Chi-Yu|Heat Wave|p1b: Koraidon|[spread] p1a,p1b
|-resisted|p1b: Koraidon
|-damage|p1a: Entei|19/100
|-damage|p1b: Koraidon|66/100
|move|p2a: Terapagos|Tera Starstorm|p1b: Koraidon|[spread] p1a,p1b
|-supereffective|p1a: Entei
|-crit|p1a: Entei
|-damage|p1a: Entei|0 fnt
|-damage|p1b: Koraidon|0 fnt
|faint|p1a: Entei
|faint|p1b: Koraidon
|
|upkeep
|
|t:|1740510091
|switch|p1b: Venusaur|Venusaur, L50, M|100/100
|switch|p1a: Ogerpon|Ogerpon-Cornerstone, L50, F|100/100
|turn|3
|-message|28012025a forfeited.
|
|win|youngtester3
|raw|28012025a's rating: 1213 &rarr; <strong>1187</strong><br />(-26 for losing)
|raw|youngtester3's rating: 1195 &rarr; <strong>1221</strong><br />(+26 for winning)
|l|☆28012025a
|player|p1|
