|j|☆Gutico
|j|☆0rion1798
|html|<table width="100%"><tr><td align="left">Gutico</td><td align="right">0rion1798</tr><tr><td align="left"><i class="fa fa-circle"></i> <i class="fa fa-circle-o"></i> </td><td align="right"><i class="fa fa-circle-o"></i> <i class="fa fa-circle"></i> </tr></table>
|uhtml|bestof|<h2><strong>Game 3</strong> of <a href="/game-bestof3-gen9vgc2025reggbo3-2307756099">a best-of-3</a></h2>
|t:|1740510357
|gametype|doubles
|player|p1|Gutico|170|1189
|player|p2|0rion1798|hexmaniac-gen6|1305
|teamsize|p1|6
|teamsize|p2|6
|gen|9
|tier|[Gen 9] VGC 2025 Reg G (Bo3)
|rated|
|rule|Species Clause: Limit one of each Pokémon
|rule|Item Clause: Limit 1 of each item
|clearpoke
|poke|p1|Brute Bonnet, L50|
|poke|p1|Koraidon, L50|
|poke|p1|Raging Bolt, L50|
|poke|p1|Flutter Mane, L50|
|poke|p1|Incineroar, L50, F|
|poke|p1|Landorus, L50, M|
|poke|p2|Weezing-Galar, L50, M|
|poke|p2|Dondozo, L50, M|
|poke|p2|Calyrex-Shadow, L50|
|poke|p2|Tatsugiri-Droopy, L50, M|
|poke|p2|Indeedee-F, L50, F|
|poke|p2|Urshifu-*, L50, F|
|teampreview|4
|showteam|p1|Brute Bonnet||LoadedDice|Protosynthesis|BulletSeed,LashOut,Spore,RagePowder||||||50|,,,,,Poison]Koraidon||ClearAmulet|OrichalcumPulse|CollisionCourse,FlareBlitz,Protect,FlameCharge||||||50|,,,,,Fire]Raging Bolt||AssaultVest|Protosynthesis|Thunderbolt,DracoMeteor,Thunderclap,Snarl||||||50|,,,,,Fairy]Flutter Mane||FocusSash|Protosynthesis|Moonblast,ShadowBall,IcyWind,Protect||||||50|,,,,,Fairy]Incineroar||SitrusBerry|Intimidate|FlareBlitz,KnockOff,FakeOut,PartingShot|||F|||50|,,,,,Water]Landorus||LifeOrb|SheerForce|SandsearStorm,EarthPower,SludgeBomb,Protect|||M|||50|,,,,,Poison
|showteam|p2|Weezing-Galar||MentalHerb|NeutralizingGas|ToxicSpikes,DazzlingGleam,PoisonGas,Protect|||M|||50|,,,,,Grass]Dondozo||Leftovers|Unaware|WaveCrash,OrderUp,Protect,BodyPress|||M|||50|,,,,,Grass]Calyrex-Shadow||LifeOrb|AsOneSpectrier|AstralBarrage,ExpandingForce,PollenPuff,Protect||||||50|,,,,,Normal]Tatsugiri-Droopy||FocusSash|Commander|DracoMeteor,MuddyWater,HelpingHand,Protect|||M|||50|,,,,,Stellar]Indeedee-F||SafetyGoggles|PsychicSurge|FollowMe,HelpingHand,Psyshock,TrickRoom|||F|||50|,,,,,Water]Urshifu-Rapid-Strike||ChoiceScarf|UnseenFist|SurgingStrikes,CloseCombat,RockTomb,Uturn|||F|||50|,,,,,Water
|
|t:|1740510383
|start
|switch|p1a: Flutter Mane|Flutter Mane, L50|100/100
|switch|p1b: Brute Bonnet|Brute Bonnet, L50|100/100
|switch|p2a: Indeedee|Indeedee-F, L50, F|100/100
|switch|p2b: Calyrex|Calyrex-Shadow, L50|100/100
|-ability|p2b: Calyrex|As One
|-ability|p2b: Calyrex|Unnerve
|-fieldstart|move: Psychic Terrain|[from] ability: Psychic Surge|[of] p2a: Indeedee
|turn|1
|inactive|Battle timer is ON: inactive players will automatically lose when time's up. (requested by Gutico)
|inactive|0rion1798 also wants the timer to be on.
|
|t:|1740510411
|-terastallize|p1a: Flutter Mane|Fairy
|move|p2a: Indeedee|Follow Me|p2a: Indeedee
|-singleturn|p2a: Indeedee|move: Follow Me
|move|p2b: Calyrex|Astral Barrage|p1a: Flutter Mane|[spread] p1a,p1b
|-resisted|p1b: Brute Bonnet
|-damage|p1a: Flutter Mane|20/100
|-damage|p1b: Brute Bonnet|77/100
|-damage|p2b: Calyrex|91/100|[from] item: Life Orb
|move|p1a: Flutter Mane|Moonblast|p2a: Indeedee
|-damage|p2a: Indeedee|41/100
|-unboost|p2a: Indeedee|spa|1
|move|p1b: Brute Bonnet|Lash Out|p2a: Indeedee
|-supereffective|p2a: Indeedee
|-damage|p2a: Indeedee|0 fnt
|faint|p2a: Indeedee
|
|upkeep
|
|t:|1740510429
|switch|p2a: Dondozo|Dondozo, L50, M|100/100
|turn|2
|inactive|0rion1798 has 30 seconds left.
|inactive|0rion1798 has 20 seconds left.
|
|t:|1740510469
|-terastallize|p2b: Calyrex|Normal
|move|p2b: Calyrex|Pollen Puff|p1b: Brute Bonnet
|-supereffective|p1b: Brute Bonnet
|-damage|p1b: Brute Bonnet|0 fnt
|faint|p1b: Brute Bonnet
|-end|p1b: Brute Bonnet|Protosynthesis|[silent]
|-ability|p2b: Calyrex|Grim Neigh|boost
|-boost|p2b: Calyrex|spa|1
|-damage|p2b: Calyrex|81/100|[from] item: Life Orb
|move|p1a: Flutter Mane|Moonblast|p2b: Calyrex
|-damage|p2b: Calyrex|11/100
|move|p2a: Dondozo|Wave Crash|p1a: Flutter Mane
|-damage|p1a: Flutter Mane|0 fnt
|faint|p1a: Flutter Mane
|-end|p1a: Flutter Mane|Protosynthesis|[silent]
|-damage|p2a: Dondozo|97/100|[from] Recoil
|
|-heal|p2a: Dondozo|100/100|[from] item: Leftovers
|upkeep
|
|t:|1740510480
|switch|p1a: Raging Bolt|Raging Bolt, L50|100/100
|switch|p1b: Koraidon|Koraidon, L50|100/100
|-weather|SunnyDay|[from] ability: Orichalcum Pulse|[of] p1b: Koraidon
|-activate|p1a: Raging Bolt|ability: Protosynthesis
|-start|p1a: Raging Bolt|protosynthesisspa
|-activate|p1b: Koraidon|Orichalcum Pulse|[source]
|turn|3
|
|t:|1740510492
|move|p2a: Dondozo|Protect|p2a: Dondozo
|-singleturn|p2a: Dondozo|Protect
|move|p1a: Raging Bolt|Thunderclap|p2b: Calyrex
|-activate|p2b: Calyrex|move: Psychic Terrain
|move|p2b: Calyrex|Expanding Force|p1b: Koraidon|[spread] p1a,p1b
|-supereffective|p1b: Koraidon
|-damage|p1a: Raging Bolt|29/100
|-damage|p1b: Koraidon|0 fnt
|faint|p1b: Koraidon
|-ability|p2b: Calyrex|Grim Neigh|boost
|-boost|p2b: Calyrex|spa|1
|-damage|p2b: Calyrex|1/100|[from] item: Life Orb
|
|-weather|SunnyDay|[upkeep]
|upkeep
|turn|4
|
|t:|1740510505
|move|p2b: Calyrex|Expanding Force|p1a: Raging Bolt
|-damage|p1a: Raging Bolt|0 fnt
|faint|p1a: Raging Bolt
|-end|p1a: Raging Bolt|Protosynthesis|[silent]
|-damage|p2b: Calyrex|0 fnt|[from] item: Life Orb
|faint|p2b: Calyrex
|
|win|0rion1798
|raw|Gutico's rating: 1189 &rarr; <strong>1172</strong><br />(-17 for losing)
|raw|0rion1798's rating: 1305 &rarr; <strong>1319</strong><br />(+14 for winning)
|l|☆Gutico
|player|p1|
