|j|☆ningendo master
|j|☆eating him
|html|<table width="100%"><tr><td align="left">ningendo master</td><td align="right">eating him</tr><tr><td align="left"><i class="fa fa-circle-o"></i> <i class="fa fa-circle-o"></i> </td><td align="right"><i class="fa fa-circle-o"></i> <i class="fa fa-circle"></i> </tr></table>
|uhtml|bestof|<h2><strong>Game 2</strong> of <a href="/game-bestof3-gen9vgc2025reggbo3-2307757992">a best-of-3</a></h2>
|t:|1740510322
|gametype|doubles
|player|p1|ningendo master|1|1074
|player|p2|eating him|caitlin|1153
|teamsize|p1|6
|teamsize|p2|6
|gen|9
|tier|[Gen 9] VGC 2025 Reg G (Bo3)
|rated|
|rule|Species Clause: Limit one of each Pokémon
|rule|Item Clause: Limit 1 of each item
|clearpoke
|poke|p1|Groudon, L50|
|poke|p1|Maushold, L50|
|poke|p1|Volcarona, L50, M|
|poke|p1|Sneasler, L50, F|
|poke|p1|Kingambit, L50, F|
|poke|p1|Baxcalibur, L50, F|
|poke|p2|Chi-Yu, L50|
|poke|p2|Flutter Mane, L50|
|poke|p2|Calyrex-Ice, L50|
|poke|p2|Ogerpon-Cornerstone, L50, F|
|poke|p2|Amoonguss, L50, M|
|poke|p2|Urshifu-*, L50, M|
|teampreview|4
|showteam|p1|Groudon||ClearAmulet|Drought|HeatCrash,PrecipiceBlades,Protect,BulkUp||||||50|,,,,,Fire]Maushold||KingsRock|Technician|FollowMe,Protect,PopulationBomb,TidyUp||||||50|,,,,,Ghost]Volcarona||Leftovers|FlameBody|GigaDrain,HeatWave,QuiverDance,Protect|||M|||50|,,,,,Grass]Sneasler||FocusSash|Unburden|DireClaw,CloseCombat,FakeOut,Coaching|||F|||50|,,,,,Ghost]Kingambit||SafetyGoggles|Defiant|KowtowCleave,SuckerPunch,SwordsDance,Protect|||F|||50|,,,,,Flying]Baxcalibur||LoadedDice|ThermalExchange|IcicleSpear,IceShard,Protect,ScaleShot|||F|||50|,,,,,Water
|showteam|p2|Chi-Yu||ChoiceScarf|BeadsofRuin|HeatWave,Overheat,DarkPulse,Snarl||||||50|,,,,,Ghost]Flutter Mane||BoosterEnergy|Protosynthesis|Moonblast,DazzlingGleam,IcyWind,Protect||||||50|,,,,,Fairy]Calyrex-Ice||ClearAmulet|AsOneGlastrier|GlacialLance,HighHorsepower,TrickRoom,Protect||||||50|,,,,,Water]Ogerpon-Cornerstone||CornerstoneMask|Sturdy|IvyCudgel,PowerWhip,FollowMe,SpikyShield|||F|||50|,,,,,Rock]Amoonguss||RockyHelmet|Regenerator|ClearSmog,PollenPuff,RagePowder,Spore|||M|||50|,,,,,Water]Urshifu-Rapid-Strike||FocusSash|UnseenFist|SurgingStrikes,CloseCombat,Taunt,Detect|||M|||50|,,,,,Stellar
|inactive|Battle timer is ON: inactive players will automatically lose when time's up. (requested by ningendo master)
|
|t:|1740510334
|start
|switch|p1a: Groudon|Groudon, L50|100/100
|switch|p1b: Volcarona|Volcarona, L50, M|100/100
|switch|p2a: Chi-Yu|Chi-Yu, L50|100/100
|switch|p2b: Flutter Mane|Flutter Mane, L50|100/100
|-ability|p2a: Chi-Yu|Beads of Ruin
|-weather|SunnyDay|[from] ability: Drought|[of] p1a: Groudon
|-activate|p2b: Flutter Mane|ability: Protosynthesis
|-start|p2b: Flutter Mane|protosynthesisspe
|turn|1
|
|t:|1740510364
|move|p2b: Flutter Mane|Moonblast|p1a: Groudon
|-damage|p1a: Groudon|43/100
|move|p2a: Chi-Yu|Heat Wave|p1a: Groudon|[spread] p1a,p1b
|-damage|p1a: Groudon|0 fnt
|-damage|p1b: Volcarona|22/100
|faint|p1a: Groudon
|move|p1b: Volcarona|Quiver Dance|p1b: Volcarona
|-boost|p1b: Volcarona|spa|1
|-boost|p1b: Volcarona|spd|1
|-boost|p1b: Volcarona|spe|1
|
|-weather|SunnyDay|[upkeep]
|-heal|p1b: Volcarona|28/100|[from] item: Leftovers
|upkeep
|
|t:|1740510375
|switch|p1a: Sneasler|Sneasler, L50, F|100/100
|turn|2
|
|t:|1740510384
|-terastallize|p2a: Chi-Yu|Ghost
|move|p1a: Sneasler|Fake Out|p2a: Chi-Yu
|-immune|p2a: Chi-Yu
|move|p2b: Flutter Mane|Icy Wind|p1a: Sneasler|[spread] p1a,p1b
|-crit|p1a: Sneasler
|-resisted|p1b: Volcarona
|-damage|p1a: Sneasler|69/100
|-damage|p1b: Volcarona|22/100
|-unboost|p1a: Sneasler|spe|1
|-unboost|p1b: Volcarona|spe|1
|move|p2a: Chi-Yu|Heat Wave|p1a: Sneasler|[spread] p1a,p1b
|-damage|p1a: Sneasler|0 fnt
|-damage|p1b: Volcarona|0 fnt
|faint|p1a: Sneasler
|faint|p1b: Volcarona
|
|-weather|SunnyDay|[upkeep]
|upkeep
|c|☆eating him|ggs
|-message|ningendo master forfeited.
|
|win|eating him
|raw|ningendo master's rating: 1074 &rarr; <strong>1058</strong><br />(-16 for losing)
|raw|eating him's rating: 1153 &rarr; <strong>1172</strong><br />(+19 for winning)
|l|☆ningendo master
|player|p1|
