|j|☆ningendo master
|j|☆eating him
|html|<table width="100%"><tr><td align="left">ningendo master</td><td align="right">eating him</tr><tr><td align="left"><i class="fa fa-circle-o"></i> <i class="fa fa-circle-o"></i> </td><td align="right"><i class="fa fa-circle-o"></i> <i class="fa fa-circle-o"></i> </tr></table>
|uhtml|bestof|<h2><strong>Game 1</strong> of <a href="/game-bestof3-gen9vgc2025reggbo3-2307757992">a best-of-3</a></h2>
|t:|1740510178
|gametype|doubles
|player|p1|ningendo master|1|1074
|player|p2|eating him|caitlin|1153
|teamsize|p1|6
|teamsize|p2|6
|gen|9
|tier|[Gen 9] VGC 2025 Reg G (Bo3)
|rated|
|rule|Species Clause: Limit one of each Pokémon
|rule|Item Clause: Limit 1 of each item
|clearpoke
|poke|p1|Groudon, L50|
|poke|p1|Maushold, L50|
|poke|p1|Volcarona, L50, M|
|poke|p1|Sneasler, L50, F|
|poke|p1|Kingambit, L50, F|
|poke|p1|Baxcalibur, L50, F|
|poke|p2|Chi-Yu, L50|
|poke|p2|Flutter Mane, L50|
|poke|p2|Calyrex-Ice, L50|
|poke|p2|Ogerpon-Cornerstone, L50, F|
|poke|p2|Amoonguss, L50, M|
|poke|p2|Urshifu-*, L50, M|
|teampreview|4
|showteam|p1|Groudon||ClearAmulet|Drought|HeatCrash,PrecipiceBlades,Protect,BulkUp||||||50|,,,,,Fire]Maushold||KingsRock|Technician|FollowMe,Protect,PopulationBomb,TidyUp||||||50|,,,,,Ghost]Volcarona||Leftovers|FlameBody|GigaDrain,HeatWave,QuiverDance,Protect|||M|||50|,,,,,Grass]Sneasler||FocusSash|Unburden|DireClaw,CloseCombat,FakeOut,Coaching|||F|||50|,,,,,Ghost]Kingambit||SafetyGoggles|Defiant|KowtowCleave,SuckerPunch,SwordsDance,Protect|||F|||50|,,,,,Flying]Baxcalibur||LoadedDice|ThermalExchange|IcicleSpear,IceShard,Protect,ScaleShot|||F|||50|,,,,,Water
|showteam|p2|Chi-Yu||ChoiceScarf|BeadsofRuin|HeatWave,Overheat,DarkPulse,Snarl||||||50|,,,,,Ghost]Flutter Mane||BoosterEnergy|Protosynthesis|Moonblast,DazzlingGleam,IcyWind,Protect||||||50|,,,,,Fairy]Calyrex-Ice||ClearAmulet|AsOneGlastrier|GlacialLance,HighHorsepower,TrickRoom,Protect||||||50|,,,,,Water]Ogerpon-Cornerstone||CornerstoneMask|Sturdy|IvyCudgel,PowerWhip,FollowMe,SpikyShield|||F|||50|,,,,,Rock]Amoonguss||RockyHelmet|Regenerator|ClearSmog,PollenPuff,RagePowder,Spore|||M|||50|,,,,,Water]Urshifu-Rapid-Strike||FocusSash|UnseenFist|SurgingStrikes,CloseCombat,Taunt,Detect|||M|||50|,,,,,Stellar
|inactive|Battle timer is ON: inactive players will automatically lose when time's up. (requested by ningendo master)
|inactive|ningendo master has 60 seconds left.
|inactive|eating him has 60 seconds left.
|
|t:|1740510236
|start
|switch|p1a: Kingambit|Kingambit, L50, F|100/100
|switch|p1b: Volcarona|Volcarona, L50, M|100/100
|switch|p2a: Chi-Yu|Chi-Yu, L50|100/100
|switch|p2b: Flutter Mane|Flutter Mane, L50|100/100
|-ability|p2a: Chi-Yu|Beads of Ruin
|-enditem|p2b: Flutter Mane|Booster Energy
|-activate|p2b: Flutter Mane|ability: Protosynthesis|[fromitem]
|-start|p2b: Flutter Mane|protosynthesisspe
|turn|1
|
|t:|1740510257
|switch|p1a: Groudon|Groudon, L50|100/100
|-weather|SunnyDay|[from] ability: Drought|[of] p1a: Groudon
|move|p2b: Flutter Mane|Moonblast|p1a: Groudon
|-damage|p1a: Groudon|48/100
|move|p2a: Chi-Yu|Heat Wave|p1a: Groudon|[spread] p1a,p1b
|-crit|p1b: Volcarona
|-damage|p1a: Groudon|0 fnt
|-damage|p1b: Volcarona|0 fnt
|faint|p1a: Groudon
|faint|p1b: Volcarona
|
|-weather|SunnyDay|[upkeep]
|upkeep
|
|t:|1740510271
|switch|p1b: Kingambit|Kingambit, L50, F|100/100
|switch|p1a: Sneasler|Sneasler, L50, F|100/100
|turn|2
|
|t:|1740510292
|move|p1a: Sneasler|Fake Out|p2a: Chi-Yu
|-crit|p2a: Chi-Yu
|-damage|p2a: Chi-Yu|69/100
|move|p1b: Kingambit|Sucker Punch|p2b: Flutter Mane
|-damage|p2b: Flutter Mane|41/100
|move|p2b: Flutter Mane|Moonblast|p1a: Sneasler
|-damage|p1a: Sneasler|21/100
|cant|p2a: Chi-Yu|flinch
|
|-weather|SunnyDay|[upkeep]
|upkeep
|turn|3
|
|t:|1740510310
|-end|p2b: Flutter Mane|Protosynthesis|[silent]
|switch|p2b: Ogerpon|Ogerpon-Cornerstone, L50, F|100/100
|move|p1b: Kingambit|Sucker Punch|p2a: Chi-Yu
|-resisted|p2a: Chi-Yu
|-damage|p2a: Chi-Yu|39/100
|move|p2a: Chi-Yu|Heat Wave|p1a: Sneasler|[spread] p1a,p1b
|-supereffective|p1b: Kingambit
|-damage|p1a: Sneasler|0 fnt
|-damage|p1b: Kingambit|0 fnt
|faint|p1a: Sneasler
|faint|p1b: Kingambit
|
|win|eating him
